<?xml version="1.0" encoding="UTF-8"?>
<!-- Generated by org.testng.reporters.JUnitReportReporter -->
<testsuite hostname="DESKTOP-E1RIMAM" name="Day4.Han4" tests="2" failures="0" timestamp="10 Jan 2019 06:54:00 GMT" time="3.082" errors="0">
  <testcase name="caozuo2" time="1.229" classname="Day4.Han4"/>
  <testcase name="caozuo1" time="1.853" classname="Day4.Han4"/>
</testsuite> <!-- Day4.Han4 -->
