<?xml version="1.0" encoding="UTF-8"?>
<!-- Generated by org.testng.reporters.JUnitReportReporter -->
<testsuite hostname="DESKTOP-E1RIMAM" name="Testcase.xinzen" tests="1" failures="0" timestamp="4 Mar 2019 06:26:35 GMT" time="20.857" errors="0">
  <testcase name="xinzenxs" time="20.857" classname="Testcase.xinzen"/>
</testsuite> <!-- Testcase.xinzen -->
