<?xml version="1.0" encoding="UTF-8"?>
<!-- Generated by org.testng.reporters.JUnitReportReporter -->
<testsuite hostname="DESKTOP-E1RIMAM" name="Day4.Junit01" tests="12" failures="0" timestamp="2 Jan 2019 03:17:59 GMT" time="9.013" errors="0">
  <testcase name="divide" time="0.000" classname="Day4.Junit01"/>
  <testcase name="sub" time="0.000" classname="Day4.Junit01"/>
  <testcase name="add" time="3.000" classname="Day4.Junit01"/>
  <testcase name="ride" time="0.000" classname="Day4.Junit01"/>
  <testcase name="divide" time="0.000" classname="Day4.Junit01"/>
  <testcase name="ride" time="0.000" classname="Day4.Junit01"/>
  <testcase name="divide" time="0.001" classname="Day4.Junit01"/>
  <testcase name="sub" time="0.000" classname="Day4.Junit01"/>
  <testcase name="add" time="3.008" classname="Day4.Junit01"/>
  <testcase name="sub" time="0.001" classname="Day4.Junit01"/>
  <testcase name="ride" time="0.001" classname="Day4.Junit01"/>
  <testcase name="add" time="3.002" classname="Day4.Junit01"/>
</testsuite> <!-- Day4.Junit01 -->
