<?xml version="1.0" encoding="UTF-8"?>
<!-- Generated by org.testng.reporters.JUnitReportReporter -->
<testsuite hostname="DESKTOP-E1RIMAM" name="Day4.ZuoteB$ZuoyeA" tests="1" failures="0" timestamp="3 Jan 2019 10:46:28 GMT" time="1.880" errors="0">
  <testcase name="caozuo2" time="1.880" classname="Day4.ZuoteB$ZuoyeA"/>
</testsuite> <!-- Day4.ZuoteB$ZuoyeA -->
