<?xml version="1.0" encoding="UTF-8"?>
<!-- Generated by org.testng.reporters.JUnitReportReporter -->
<testsuite hostname="DESKTOP-E1RIMAM" name="Day4.Han2" tests="2" failures="0" timestamp="9 Jan 2019 06:53:37 GMT" time="2.939" errors="0">
  <testcase name="caozuo2" time="1.143" classname="Day4.Han2"/>
  <testcase name="caozuo1" time="1.796" classname="Day4.Han2"/>
</testsuite> <!-- Day4.Han2 -->
