<?xml version="1.0" encoding="UTF-8"?>
<!-- Generated by org.testng.reporters.JUnitReportReporter -->
<testsuite hostname="DESKTOP-E1RIMAM" name="Day4.Han3" tests="3" failures="0" timestamp="9 Jan 2019 07:00:46 GMT" time="2.213" errors="0">
  <testcase name="caozuo2" time="0.200" classname="Day4.Han3"/>
  <testcase name="caozuo1" time="1.629" classname="Day4.Han3"/>
  <testcase name="caozuo3" time="0.384" classname="Day4.Han3"/>
</testsuite> <!-- Day4.Han3 -->
