<?xml version="1.0" encoding="UTF-8"?>
<!-- Generated by org.testng.reporters.JUnitReportReporter -->
<testsuite hostname="DESKTOP-E1RIMAM" name="Day03.xinxi" tests="1" failures="0" timestamp="28 Feb 2019 05:56:17 GMT" time="16.676" errors="0">
  <testcase name="caozuo" time="16.676" classname="Day03.xinxi"/>
</testsuite> <!-- Day03.xinxi -->
