<?xml version="1.0" encoding="UTF-8"?>
<!-- Generated by org.testng.reporters.JUnitReportReporter -->
<testsuite hostname="DESKTOP-E1RIMAM" name="Testcase.xxtk" tests="1" failures="0" timestamp="4 Mar 2019 06:18:59 GMT" time="18.734" errors="0">
  <testcase name="xztkss" time="18.734" classname="Testcase.xxtk"/>
</testsuite> <!-- Testcase.xxtk -->
