<?xml version="1.0" encoding="UTF-8"?>
<!-- Generated by org.testng.reporters.JUnitReportReporter -->
<testsuite hostname="DESKTOP-E1RIMAM" name="Day4.Han5" tests="2" failures="0" timestamp="10 Jan 2019 06:55:24 GMT" time="3.878" errors="0">
  <testcase name="caozuo1" time="3.042" classname="Day4.Han5"/>
  <testcase name="caozuo2" time="0.836" classname="Day4.Han5"/>
</testsuite> <!-- Day4.Han5 -->
