<?xml version="1.0" encoding="UTF-8"?>
<!-- Generated by org.testng.reporters.JUnitReportReporter -->
<testsuite hostname="DESKTOP-E1RIMAM" name="Day4.Han6" tests="2" failures="0" timestamp="10 Jan 2019 06:56:31 GMT" time="3.194" errors="0">
  <testcase name="caozuo2" time="1.182" classname="Day4.Han6"/>
  <testcase name="caozuo1" time="2.012" classname="Day4.Han6"/>
</testsuite> <!-- Day4.Han6 -->
