<?xml version="1.0" encoding="UTF-8"?>
<!-- Generated by org.testng.reporters.JUnitReportReporter -->
<testsuite hostname="DESKTOP-E1RIMAM" name="Testcase.xinzen" tests="1" failures="0" timestamp="5 Mar 2019 00:44:05 GMT" time="17.891" errors="0">
  <testcase name="xinzenxs" time="17.891" classname="Testcase.xinzen"/>
</testsuite> <!-- Testcase.xinzen -->
