<?xml version="1.0" encoding="UTF-8"?>
<!-- Generated by org.testng.reporters.JUnitReportReporter -->
<testsuite hostname="DESKTOP-E1RIMAM" name="Testcase.xxtk" tests="1" failures="0" timestamp="5 Mar 2019 00:44:05 GMT" time="21.585" errors="0">
  <testcase name="xztkss" time="21.585" classname="Testcase.xxtk"/>
</testsuite> <!-- Testcase.xxtk -->
